#
# There is insufficient memory for the Java Runtime Environment to continue.
# Native memory allocation (malloc) failed to allocate 8192 bytes for AllocateHeap
# Possible reasons:
#   The system is out of physical RAM or swap space
#   In 32 bit mode, the process size limit was hit
# Possible solutions:
#   Reduce memory load on the system
#   Increase physical memory or swap space
#   Check if swap backing store is full
#   Use 64 bit Java on a 64 bit OS
#   Decrease Java heap size (-Xmx/-Xms)
#   Decrease number of Java threads
#   Decrease Java thread stack sizes (-Xss)
#   Set larger code cache with -XX:ReservedCodeCacheSize=
# This output file may be truncated or incomplete.
#
#  Out of Memory Error (memory/allocation.inline.hpp:61), pid=1916, tid=0x0000000000003410
#
# JRE version: Java(TM) SE Runtime Environment (8.0_191-b12) (build 1.8.0_191-b12)
# Java VM: Java HotSpot(TM) 64-Bit Server VM (25.191-b12 mixed mode windows-amd64 compressed oops)
# Failed to write core dump. Minidumps are not enabled by default on client versions of Windows
#

---------------  T H R E A D  ---------------

Current thread (0x0000000017bb1000):  JavaThread "restartedMain" [_thread_in_vm, id=13328, stack(0x0000000018950000,0x0000000018a50000)]

Stack: [0x0000000018950000,0x0000000018a50000]
[error occurred during error reporting (printing stack bounds), id 0xc0000005]

Native frames: (J=compiled Java code, j=interpreted, Vv=VM code, C=native code)

Java frames: (J=compiled Java code, j=interpreted, Vv=VM code)
J 874  java.lang.ClassLoader.defineClass1(Ljava/lang/String;[BIILjava/security/ProtectionDomain;Ljava/lang/String;)Ljava/lang/Class; (0 bytes) @ 0x000000000323fe1f [0x000000000323fd80+0x9f]
J 765 C1 java.lang.ClassLoader.defineClass(Ljava/lang/String;[BIILjava/security/ProtectionDomain;)Ljava/lang/Class; (43 bytes) @ 0x000000000320eedc [0x000000000320ede0+0xfc]
J 789 C1 java.net.URLClassLoader.defineClass(Ljava/lang/String;Lsun/misc/Resource;)Ljava/lang/Class; (142 bytes) @ 0x000000000321e20c [0x000000000321d840+0x9cc]
J 692 C1 java.net.URLClassLoader$1.run()Ljava/lang/Class; (63 bytes) @ 0x00000000031f38b4 [0x00000000031f3800+0xb4]
J 691 C1 java.net.URLClassLoader$1.run()Ljava/lang/Object; (5 bytes) @ 0x00000000031f34d4 [0x00000000031f34a0+0x34]
v  ~StubRoutines::call_stub
J 545  java.security.AccessController.doPrivileged(Ljava/security/PrivilegedExceptionAction;Ljava/security/AccessControlContext;)Ljava/lang/Object; (0 bytes) @ 0x00000000031adfe6 [0x00000000031adf80+0x66]
J 646 C1 java.net.URLClassLoader.findClass(Ljava/lang/String;)Ljava/lang/Class; (47 bytes) @ 0x00000000031df974 [0x00000000031df8c0+0xb4]
J 528 C1 java.lang.ClassLoader.loadClass(Ljava/lang/String;Z)Ljava/lang/Class; (122 bytes) @ 0x00000000031a7fa4 [0x00000000031a7ca0+0x304]
J 602 C1 sun.misc.Launcher$AppClassLoader.loadClass(Ljava/lang/String;Z)Ljava/lang/Class; (85 bytes) @ 0x00000000031c6ec4 [0x00000000031c6be0+0x2e4]
J 600 C1 java.lang.ClassLoader.loadClass(Ljava/lang/String;)Ljava/lang/Class; (7 bytes) @ 0x00000000031c68a4 [0x00000000031c6860+0x44]
v  ~StubRoutines::call_stub
j  ch.qos.logback.core.pattern.parser.Parser.<clinit>()V+22
v  ~StubRoutines::call_stub
j  ch.qos.logback.classic.PatternLayout.<clinit>()V+13
v  ~StubRoutines::call_stub
j  ch.qos.logback.classic.encoder.PatternLayoutEncoder.start()V+0
j  org.springframework.boot.logging.logback.LogbackConfigurator.start(Lch/qos/logback/core/spi/LifeCycle;)V+21
j  org.springframework.boot.logging.logback.DefaultLogbackConfiguration.consoleAppender(Lorg/springframework/boot/logging/logback/LogbackConfigurator;)Lch/qos/logback/core/Appender;+46
j  org.springframework.boot.logging.logback.DefaultLogbackConfiguration.apply(Lorg/springframework/boot/logging/logback/LogbackConfigurator;)V+14
j  org.springframework.boot.logging.logback.LogbackLoggingSystem.loadDefaults(Lorg/springframework/boot/logging/LoggingInitializationContext;Lorg/springframework/boot/logging/LogFile;)V+121
j  org.springframework.boot.logging.AbstractLoggingSystem.initializeWithConventions(Lorg/springframework/boot/logging/LoggingInitializationContext;Lorg/springframework/boot/logging/LogFile;)V+43
j  org.springframework.boot.logging.AbstractLoggingSystem.initialize(Lorg/springframework/boot/logging/LoggingInitializationContext;Ljava/lang/String;Lorg/springframework/boot/logging/LogFile;)V+18
j  org.springframework.boot.logging.logback.LogbackLoggingSystem.initialize(Lorg/springframework/boot/logging/LoggingInitializationContext;Ljava/lang/String;Lorg/springframework/boot/logging/LogFile;)V+20
j  org.springframework.boot.context.logging.LoggingApplicationListener.initializeSystem(Lorg/springframework/core/env/ConfigurableEnvironment;Lorg/springframework/boot/logging/LoggingSystem;Lorg/springframework/boot/logging/LogFile;)V+34
j  org.springframework.boot.context.logging.LoggingApplicationListener.initialize(Lorg/springframework/core/env/ConfigurableEnvironment;Ljava/lang/ClassLoader;)V+62
j  org.springframework.boot.context.logging.LoggingApplicationListener.onApplicationEnvironmentPreparedEvent(Lorg/springframework/boot/context/event/ApplicationEnvironmentPreparedEvent;)V+33
j  org.springframework.boot.context.logging.LoggingApplicationListener.onApplicationEvent(Lorg/springframework/context/ApplicationEvent;)V+30
j  org.springframework.context.event.SimpleApplicationEventMulticaster.doInvokeListener(Lorg/springframework/context/ApplicationListener;Lorg/springframework/context/ApplicationEvent;)V+2
j  org.springframework.context.event.SimpleApplicationEventMulticaster.invokeListener(Lorg/springframework/context/ApplicationListener;Lorg/springframework/context/ApplicationEvent;)V+34
j  org.springframework.context.event.SimpleApplicationEventMulticaster.multicastEvent(Lorg/springframework/context/ApplicationEvent;Lorg/springframework/core/ResolvableType;)V+83
j  org.springframework.context.event.SimpleApplicationEventMulticaster.multicastEvent(Lorg/springframework/context/ApplicationEvent;)V+7
j  org.springframework.boot.context.event.EventPublishingRunListener.environmentPrepared(Lorg/springframework/core/env/ConfigurableEnvironment;)V+20
j  org.springframework.boot.SpringApplicationRunListeners.environmentPrepared(Lorg/springframework/core/env/ConfigurableEnvironment;)V+31
j  org.springframework.boot.SpringApplication.prepareEnvironment(Lorg/springframework/boot/SpringApplicationRunListeners;Lorg/springframework/boot/ApplicationArguments;)Lorg/springframework/core/env/ConfigurableEnvironment;+22
j  org.springframework.boot.SpringApplication.run([Ljava/lang/String;)Lorg/springframework/context/ConfigurableApplicationContext;+54
j  org.springframework.boot.SpringApplication.run([Ljava/lang/Class;[Ljava/lang/String;)Lorg/springframework/context/ConfigurableApplicationContext;+9
j  org.springframework.boot.SpringApplication.run(Ljava/lang/Class;[Ljava/lang/String;)Lorg/springframework/context/ConfigurableApplicationContext;+9
j  edu.poly.spring.DuAnApplication.main([Ljava/lang/String;)V+3
v  ~StubRoutines::call_stub
j  sun.reflect.NativeMethodAccessorImpl.invoke0(Ljava/lang/reflect/Method;Ljava/lang/Object;[Ljava/lang/Object;)Ljava/lang/Object;+0
j  sun.reflect.NativeMethodAccessorImpl.invoke(Ljava/lang/Object;[Ljava/lang/Object;)Ljava/lang/Object;+100
j  sun.reflect.DelegatingMethodAccessorImpl.invoke(Ljava/lang/Object;[Ljava/lang/Object;)Ljava/lang/Object;+6
j  java.lang.reflect.Method.invoke(Ljava/lang/Object;[Ljava/lang/Object;)Ljava/lang/Object;+56
j  org.springframework.boot.devtools.restart.RestartLauncher.run()V+41
v  ~StubRoutines::call_stub

---------------  P R O C E S S  ---------------

Java Threads: ( => current thread )
  0x0000000017d3f800 JavaThread "JMX server connection timeout 21" daemon [_thread_blocked, id=5568, stack(0x0000000019050000,0x0000000019150000)]
  0x0000000017d05000 JavaThread "RMI TCP Connection(2)-127.0.0.1" daemon [_thread_in_native, id=20208, stack(0x0000000018f50000,0x0000000019050000)]
  0x0000000017c20800 JavaThread "RMI Scheduler(0)" daemon [_thread_blocked, id=19888, stack(0x0000000018c50000,0x0000000018d50000)]
  0x0000000017c0e800 JavaThread "RMI TCP Connection(1)-127.0.0.1" daemon [_thread_in_native, id=14856, stack(0x0000000018b50000,0x0000000018c50000)]
  0x0000000017bc7000 JavaThread "background-preinit" [_thread_blocked, id=15352, stack(0x0000000018a50000,0x0000000018b50000)]
=>0x0000000017bb1000 JavaThread "restartedMain" [_thread_in_vm, id=13328, stack(0x0000000018950000,0x0000000018a50000)]
  0x0000000017bc5800 JavaThread "Thread-1" [_thread_blocked, id=18944, stack(0x0000000018850000,0x0000000018950000)]
  0x0000000017972000 JavaThread "RMI TCP Accept-0" daemon [_thread_in_native, id=19796, stack(0x0000000018110000,0x0000000018210000)]
  0x0000000017968800 JavaThread "RMI TCP Accept-61248" daemon [_thread_in_native, id=20072, stack(0x0000000018010000,0x0000000018110000)]
  0x000000001795b800 JavaThread "RMI TCP Accept-0" daemon [_thread_in_native, id=13952, stack(0x0000000017f10000,0x0000000018010000)]
  0x0000000016f08800 JavaThread "Service Thread" daemon [_thread_blocked, id=19932, stack(0x00000000172d0000,0x00000000173d0000)]
  0x000000001559b800 JavaThread "C1 CompilerThread2" daemon [_thread_blocked, id=20384, stack(0x0000000016dd0000,0x0000000016ed0000)]
  0x0000000015596000 JavaThread "C2 CompilerThread1" daemon [_thread_blocked, id=16948, stack(0x0000000016cd0000,0x0000000016dd0000)]
  0x0000000015589800 JavaThread "C2 CompilerThread0" daemon [_thread_blocked, id=18328, stack(0x0000000016bd0000,0x0000000016cd0000)]
  0x0000000015588000 JavaThread "Attach Listener" daemon [_thread_blocked, id=10576, stack(0x0000000016ad0000,0x0000000016bd0000)]
  0x0000000015586800 JavaThread "Signal Dispatcher" daemon [_thread_blocked, id=20156, stack(0x00000000169d0000,0x0000000016ad0000)]
  0x0000000015570000 JavaThread "Finalizer" daemon [_thread_blocked, id=20436, stack(0x00000000167d0000,0x00000000168d0000)]
  0x0000000002fd6800 JavaThread "Reference Handler" daemon [_thread_blocked, id=20020, stack(0x00000000166d0000,0x00000000167d0000)]
  0x0000000002ee6000 JavaThread "main" [_thread_blocked, id=14252, stack(0x0000000002de0000,0x0000000002ee0000)]

Other Threads:
  0x0000000015547000 VMThread [stack: 0x00000000165d0000,0x00000000166d0000] [id=20396]
  0x0000000017972800 WatcherThread [stack: 0x0000000018210000,0x0000000018310000] [id=20204]

VM state:not at safepoint (normal execution)

VM Mutex/Monitor currently owned by a thread:  ([mutex/lock_event])
[0x0000000002ee2b50] SymbolTable_lock - owner thread: 0x0000000017bb1000

Heap:
 PSYoungGen      total 18432K, used 8478K [0x00000000eb580000, 0x00000000ece80000, 0x0000000100000000)
  eden space 15872K, 53% used [0x00000000eb580000,0x00000000ebdc79b0,0x00000000ec500000)
  from space 2560K, 0% used [0x00000000ec500000,0x00000000ec500000,0x00000000ec780000)
  to   space 2560K, 0% used [0x00000000ec780000,0x00000000ec780000,0x00000000eca00000)
 ParOldGen       total 31232K, used 3875K [0x00000000c2000000, 0x00000000c3e80000, 0x00000000eb580000)
  object space 31232K, 12% used [0x00000000c2000000,0x00000000c23c8dd8,0x00000000c3e80000)
 Metaspace       used 14317K, capacity 14818K, committed 14976K, reserved 1064960K
  class space    used 1913K, capacity 2049K, committed 2176K, reserved 1048576K

Card table byte_map: [0x00000000123a0000,0x00000000125a0000] byte_map_base: 0x0000000011d90000

Marking Bits: (ParMarkBitMap*) 0x000000006e963e30
 Begin Bits: [0x0000000012af0000, 0x0000000013a70000)
 End Bits:   [0x0000000013a70000, 0x00000000149f0000)

Polling page: 0x0000000001030000

CodeCache: size=245760Kb used=2813Kb max_used=2813Kb free=242946Kb
 bounds [0x0000000002fe0000, 0x00000000032a0000, 0x0000000011fe0000]
 total_blobs=1523 nmethods=1145 adapters=289
 compilation: disabled (not enough contiguous free space left)

Compilation events (10 events):
Event: 1.177 Thread 0x000000001559b800 1142       1       java.util.concurrent.CopyOnWriteArrayList$COWIterator::next (32 bytes)
Event: 1.177 Thread 0x000000001559b800 nmethod 1142 0x000000000329e6d0 code [0x000000000329e840, 0x000000000329ea08]
Event: 1.177 Thread 0x000000001559b800 1143       1       org.springframework.boot.context.properties.source.ConfigurationPropertyName$ElementType::allowsFastEqualityCheck (20 bytes)
Event: 1.177 Thread 0x000000001559b800 nmethod 1143 0x000000000329eb10 code [0x000000000329ec60, 0x000000000329edb0]
Event: 1.177 Thread 0x000000001559b800 1144       1       org.springframework.boot.context.properties.source.ConfigurationPropertyName$Elements::getLength (46 bytes)
Event: 1.177 Thread 0x000000001559b800 nmethod 1144 0x000000000329ee10 code [0x000000000329ef80, 0x000000000329f148]
Event: 1.177 Thread 0x000000001559b800 1145       1       java.lang.AbstractStringBuilder::length (5 bytes)
Event: 1.177 Thread 0x000000001559b800 nmethod 1145 0x000000000329f310 code [0x000000000329f460, 0x000000000329f570]
Event: 1.177 Thread 0x000000001559b800 1146       1       org.springframework.boot.context.properties.source.SpringConfigurationPropertySources$SourcesIterator::fetchNext (138 bytes)
Event: 1.179 Thread 0x000000001559b800 


GC Heap History (10 events):
Event: 0.916 GC heap before
{Heap before GC invocations=5 (full 1):
 PSYoungGen      total 18432K, used 17056K [0x00000000eb580000, 0x00000000ece80000, 0x0000000100000000)
  eden space 15872K, 99% used [0x00000000eb580000,0x00000000ec4fefd8,0x00000000ec500000)
  from space 2560K, 46% used [0x00000000ec500000,0x00000000ec629100,0x00000000ec780000)
  to   space 2560K, 0% used [0x00000000ec780000,0x00000000ec780000,0x00000000eca00000)
 ParOldGen       total 31232K, used 1579K [0x00000000c2000000, 0x00000000c3e80000, 0x00000000eb580000)
  object space 31232K, 5% used [0x00000000c2000000,0x00000000c218ae08,0x00000000c3e80000)
 Metaspace       used 9689K, capacity 9878K, committed 9984K, reserved 1060864K
  class space    used 1200K, capacity 1273K, committed 1280K, reserved 1048576K
Event: 0.917 GC heap after
Heap after GC invocations=5 (full 1):
 PSYoungGen      total 18432K, used 1099K [0x00000000eb580000, 0x00000000ece80000, 0x0000000100000000)
  eden space 15872K, 0% used [0x00000000eb580000,0x00000000eb580000,0x00000000ec500000)
  from space 2560K, 42% used [0x00000000ec780000,0x00000000ec892e00,0x00000000eca00000)
  to   space 2560K, 0% used [0x00000000ec500000,0x00000000ec500000,0x00000000ec780000)
 ParOldGen       total 31232K, used 1579K [0x00000000c2000000, 0x00000000c3e80000, 0x00000000eb580000)
  object space 31232K, 5% used [0x00000000c2000000,0x00000000c218ae08,0x00000000c3e80000)
 Metaspace       used 9689K, capacity 9878K, committed 9984K, reserved 1060864K
  class space    used 1200K, capacity 1273K, committed 1280K, reserved 1048576K
}
Event: 1.010 GC heap before
{Heap before GC invocations=6 (full 1):
 PSYoungGen      total 18432K, used 16971K [0x00000000eb580000, 0x00000000ece80000, 0x0000000100000000)
  eden space 15872K, 100% used [0x00000000eb580000,0x00000000ec500000,0x00000000ec500000)
  from space 2560K, 42% used [0x00000000ec780000,0x00000000ec892e00,0x00000000eca00000)
  to   space 2560K, 0% used [0x00000000ec500000,0x00000000ec500000,0x00000000ec780000)
 ParOldGen       total 31232K, used 1579K [0x00000000c2000000, 0x00000000c3e80000, 0x00000000eb580000)
  object space 31232K, 5% used [0x00000000c2000000,0x00000000c218ae08,0x00000000c3e80000)
 Metaspace       used 10415K, capacity 10644K, committed 11008K, reserved 1060864K
  class space    used 1326K, capacity 1419K, committed 1536K, reserved 1048576K
Event: 1.013 GC heap after
Heap after GC invocations=6 (full 1):
 PSYoungGen      total 18432K, used 2527K [0x00000000eb580000, 0x00000000ece80000, 0x0000000100000000)
  eden space 15872K, 0% used [0x00000000eb580000,0x00000000eb580000,0x00000000ec500000)
  from space 2560K, 98% used [0x00000000ec500000,0x00000000ec777f38,0x00000000ec780000)
  to   space 2560K, 0% used [0x00000000ec780000,0x00000000ec780000,0x00000000eca00000)
 ParOldGen       total 31232K, used 1587K [0x00000000c2000000, 0x00000000c3e80000, 0x00000000eb580000)
  object space 31232K, 5% used [0x00000000c2000000,0x00000000c218ce08,0x00000000c3e80000)
 Metaspace       used 10415K, capacity 10644K, committed 11008K, reserved 1060864K
  class space    used 1326K, capacity 1419K, committed 1536K, reserved 1048576K
}
Event: 1.136 GC heap before
{Heap before GC invocations=7 (full 1):
 PSYoungGen      total 18432K, used 18399K [0x00000000eb580000, 0x00000000ece80000, 0x0000000100000000)
  eden space 15872K, 100% used [0x00000000eb580000,0x00000000ec500000,0x00000000ec500000)
  from space 2560K, 98% used [0x00000000ec500000,0x00000000ec777f38,0x00000000ec780000)
  to   space 2560K, 0% used [0x00000000ec780000,0x00000000ec780000,0x00000000eca00000)
 ParOldGen       total 31232K, used 1587K [0x00000000c2000000, 0x00000000c3e80000, 0x00000000eb580000)
  object space 31232K, 5% used [0x00000000c2000000,0x00000000c218ce08,0x00000000c3e80000)
 Metaspace       used 12900K, capacity 13266K, committed 13312K, reserved 1062912K
  class space    used 1660K, capacity 1770K, committed 1792K, reserved 1048576K
Event: 1.141 GC heap after
Heap after GC invocations=7 (full 1):
 PSYoungGen      total 18432K, used 2558K [0x00000000eb580000, 0x00000000ece80000, 0x0000000100000000)
  eden space 15872K, 0% used [0x00000000eb580000,0x00000000eb580000,0x00000000ec500000)
  from space 2560K, 99% used [0x00000000ec780000,0x00000000ec9ffac8,0x00000000eca00000)
  to   space 2560K, 0% used [0x00000000ec500000,0x00000000ec500000,0x00000000ec780000)
 ParOldGen       total 31232K, used 2006K [0x00000000c2000000, 0x00000000c3e80000, 0x00000000eb580000)
  object space 31232K, 6% used [0x00000000c2000000,0x00000000c21f5b50,0x00000000c3e80000)
 Metaspace       used 12900K, capacity 13266K, committed 13312K, reserved 1062912K
  class space    used 1660K, capacity 1770K, committed 1792K, reserved 1048576K
}
Event: 1.190 GC heap before
{Heap before GC invocations=8 (full 1):
 PSYoungGen      total 18432K, used 11810K [0x00000000eb580000, 0x00000000ece80000, 0x0000000100000000)
  eden space 15872K, 58% used [0x00000000eb580000,0x00000000ebe88d98,0x00000000ec500000)
  from space 2560K, 99% used [0x00000000ec780000,0x00000000ec9ffac8,0x00000000eca00000)
  to   space 2560K, 0% used [0x00000000ec500000,0x00000000ec500000,0x00000000ec780000)
 ParOldGen       total 31232K, used 2006K [0x00000000c2000000, 0x00000000c3e80000, 0x00000000eb580000)
  object space 31232K, 6% used [0x00000000c2000000,0x00000000c21f5b50,0x00000000c3e80000)
 Metaspace       used 13705K, capacity 14184K, committed 14208K, reserved 1062912K
  class space    used 1792K, capacity 1906K, committed 1920K, reserved 1048576K
Event: 1.193 GC heap after
Heap after GC invocations=8 (full 1):
 PSYoungGen      total 18432K, used 1767K [0x00000000eb580000, 0x00000000ece80000, 0x0000000100000000)
  eden space 15872K, 0% used [0x00000000eb580000,0x00000000eb580000,0x00000000ec500000)
  from space 2560K, 69% used [0x00000000ec500000,0x00000000ec6b9fc8,0x00000000ec780000)
  to   space 2560K, 0% used [0x00000000ec780000,0x00000000ec780000,0x00000000eca00000)
 ParOldGen       total 31232K, used 2860K [0x00000000c2000000, 0x00000000c3e80000, 0x00000000eb580000)
  object space 31232K, 9% used [0x00000000c2000000,0x00000000c22cb110,0x00000000c3e80000)
 Metaspace       used 13705K, capacity 14184K, committed 14208K, reserved 1062912K
  class space    used 1792K, capacity 1906K, committed 1920K, reserved 1048576K
}
Event: 1.193 GC heap before
{Heap before GC invocations=9 (full 2):
 PSYoungGen      total 18432K, used 1767K [0x00000000eb580000, 0x00000000ece80000, 0x0000000100000000)
  eden space 15872K, 0% used [0x00000000eb580000,0x00000000eb580000,0x00000000ec500000)
  from space 2560K, 69% used [0x00000000ec500000,0x00000000ec6b9fc8,0x00000000ec780000)
  to   space 2560K, 0% used [0x00000000ec780000,0x00000000ec780000,0x00000000eca00000)
 ParOldGen       total 31232K, used 2860K [0x00000000c2000000, 0x00000000c3e80000, 0x00000000eb580000)
  object space 31232K, 9% used [0x00000000c2000000,0x00000000c22cb110,0x00000000c3e80000)
 Metaspace       used 13705K, capacity 14184K, committed 14208K, reserved 1062912K
  class space    used 1792K, capacity 1906K, committed 1920K, reserved 1048576K
Event: 1.218 GC heap after
Heap after GC invocations=9 (full 2):
 PSYoungGen      total 18432K, used 0K [0x00000000eb580000, 0x00000000ece80000, 0x0000000100000000)
  eden space 15872K, 0% used [0x00000000eb580000,0x00000000eb580000,0x00000000ec500000)
  from space 2560K, 0% used [0x00000000ec500000,0x00000000ec500000,0x00000000ec780000)
  to   space 2560K, 0% used [0x00000000ec780000,0x00000000ec780000,0x00000000eca00000)
 ParOldGen       total 31232K, used 3875K [0x00000000c2000000, 0x00000000c3e80000, 0x00000000eb580000)
  object space 31232K, 12% used [0x00000000c2000000,0x00000000c23c8dd8,0x00000000c3e80000)
 Metaspace       used 13704K, capacity 14178K, committed 14208K, reserved 1062912K
  class space    used 1792K, capacity 1905K, committed 1920K, reserved 1048576K
}

Deoptimization events (0 events):
No events

Classes redefined (0 events):
No events

Internal exceptions (10 events):
Event: 1.269 Thread 0x0000000017bc7000 Exception <a 'java/lang/ArrayIndexOutOfBoundsException'> (0x00000000ebd7e0f0) thrown at [C:\re\workspace\8-2-build-windows-amd64-cygwin\jdk8u191\11896\hotspot\src\share\vm\runtime\sharedRuntime.cpp, line 605]
Event: 1.269 Thread 0x0000000017bc7000 Exception <a 'java/lang/ArrayIndexOutOfBoundsException'> (0x00000000ebd7fea8) thrown at [C:\re\workspace\8-2-build-windows-amd64-cygwin\jdk8u191\11896\hotspot\src\share\vm\runtime\sharedRuntime.cpp, line 605]
Event: 1.269 Thread 0x0000000017bc7000 Exception <a 'java/lang/ArrayIndexOutOfBoundsException'> (0x00000000ebd81df8) thrown at [C:\re\workspace\8-2-build-windows-amd64-cygwin\jdk8u191\11896\hotspot\src\share\vm\runtime\sharedRuntime.cpp, line 605]
Event: 1.270 Thread 0x0000000017bc7000 Exception <a 'java/lang/ArrayIndexOutOfBoundsException'> (0x00000000ebd83b18) thrown at [C:\re\workspace\8-2-build-windows-amd64-cygwin\jdk8u191\11896\hotspot\src\share\vm\runtime\sharedRuntime.cpp, line 605]
Event: 1.270 Thread 0x0000000017bc7000 Exception <a 'java/lang/ArrayIndexOutOfBoundsException'> (0x00000000ebda7098) thrown at [C:\re\workspace\8-2-build-windows-amd64-cygwin\jdk8u191\11896\hotspot\src\share\vm\runtime\sharedRuntime.cpp, line 605]
Event: 1.270 Thread 0x0000000017bc7000 Exception <a 'java/lang/ArrayIndexOutOfBoundsException'> (0x00000000ebda8e48) thrown at [C:\re\workspace\8-2-build-windows-amd64-cygwin\jdk8u191\11896\hotspot\src\share\vm\runtime\sharedRuntime.cpp, line 605]
Event: 1.270 Thread 0x0000000017bc7000 Exception <a 'java/lang/ArrayIndexOutOfBoundsException'> (0x00000000ebdaad48) thrown at [C:\re\workspace\8-2-build-windows-amd64-cygwin\jdk8u191\11896\hotspot\src\share\vm\runtime\sharedRuntime.cpp, line 605]
Event: 1.270 Thread 0x0000000017bc7000 Exception <a 'java/lang/ArrayIndexOutOfBoundsException'> (0x00000000ebdaca68) thrown at [C:\re\workspace\8-2-build-windows-amd64-cygwin\jdk8u191\11896\hotspot\src\share\vm\runtime\sharedRuntime.cpp, line 605]
Event: 1.270 Thread 0x0000000017bc7000 Exception <a 'java/lang/ArrayIndexOutOfBoundsException'> (0x00000000ebdae760) thrown at [C:\re\workspace\8-2-build-windows-amd64-cygwin\jdk8u191\11896\hotspot\src\share\vm\runtime\sharedRuntime.cpp, line 605]
Event: 1.270 Thread 0x0000000017bc7000 Exception <a 'java/lang/ArrayIndexOutOfBoundsException'> (0x00000000ebdb0538) thrown at [C:\re\workspace\8-2-build-windows-amd64-cygwin\jdk8u191\11896\hotspot\src\share\vm\runtime\sharedRuntime.cpp, line 605]

Events (10 events):
Event: 1.269 loading class java/time/chrono/ChronoLocalDateImpl done
Event: 1.269 loading class java/time/chrono/HijrahDate done
Event: 1.269 loading class java/time/chrono/JapaneseDate
Event: 1.269 loading class ch/qos/logback/core/pattern/parser/Token
Event: 1.269 loading class ch/qos/logback/core/pattern/parser/Token done
Event: 1.269 loading class java/time/chrono/JapaneseDate done
Event: 1.270 loading class java/time/chrono/MinguoDate
Event: 1.270 loading class ch/qos/logback/core/pattern/IdentityCompositeConverter
Event: 1.270 loading class ch/qos/logback/core/pattern/IdentityCompositeConverter done
Event: 1.270 loading class java/time/chrono/MinguoDate done


Dynamic libraries:
0x00007ff7e01a0000 - 0x00007ff7e01d7000 	D:\Phan mem\eclipse\eclipse2020\eclipse\jre\bin\javaw.exe
0x00007ff8e95c0000 - 0x00007ff8e97b0000 	C:\WINDOWS\SYSTEM32\ntdll.dll
0x00007ff8e7a60000 - 0x00007ff8e7b12000 	C:\WINDOWS\System32\KERNEL32.DLL
0x00007ff8e65a0000 - 0x00007ff8e6843000 	C:\WINDOWS\System32\KERNELBASE.dll
0x00007ff8e78a0000 - 0x00007ff8e7943000 	C:\WINDOWS\System32\ADVAPI32.dll
0x00007ff8e7950000 - 0x00007ff8e79ee000 	C:\WINDOWS\System32\msvcrt.dll
0x00007ff8e77a0000 - 0x00007ff8e7837000 	C:\WINDOWS\System32\sechost.dll
0x00007ff8e7e50000 - 0x00007ff8e7f70000 	C:\WINDOWS\System32\RPCRT4.dll
0x00007ff8e7f80000 - 0x00007ff8e8114000 	C:\WINDOWS\System32\USER32.dll
0x00007ff8e7540000 - 0x00007ff8e7561000 	C:\WINDOWS\System32\win32u.dll
0x00007ff8e82a0000 - 0x00007ff8e82c6000 	C:\WINDOWS\System32\GDI32.dll
0x00007ff8e6850000 - 0x00007ff8e69e4000 	C:\WINDOWS\System32\gdi32full.dll
0x00007ff8e7420000 - 0x00007ff8e74be000 	C:\WINDOWS\System32\msvcp_win.dll
0x00007ff8e7570000 - 0x00007ff8e766a000 	C:\WINDOWS\System32\ucrtbase.dll
0x00007ff8d5cc0000 - 0x00007ff8d5f45000 	C:\WINDOWS\WinSxS\amd64_microsoft.windows.common-controls_6595b64144ccf1df_6.0.18362.657_none_e6c5b579130e3898\COMCTL32.dll
0x00007ff8e8ba0000 - 0x00007ff8e8ed6000 	C:\WINDOWS\System32\combase.dll
0x00007ff8e74c0000 - 0x00007ff8e7540000 	C:\WINDOWS\System32\bcryptPrimitives.dll
0x00007ff8e8270000 - 0x00007ff8e829e000 	C:\WINDOWS\System32\IMM32.DLL
0x000000006ed40000 - 0x000000006ee12000 	D:\Phan mem\eclipse\eclipse2020\eclipse\jre\bin\msvcr100.dll
0x000000006e140000 - 0x000000006e9e4000 	D:\Phan mem\eclipse\eclipse2020\eclipse\jre\bin\server\jvm.dll
0x00007ff8e89c0000 - 0x00007ff8e89c8000 	C:\WINDOWS\System32\PSAPI.DLL
0x00007ff8e2f00000 - 0x00007ff8e2f24000 	C:\WINDOWS\SYSTEM32\WINMM.dll
0x00007ff8dfac0000 - 0x00007ff8dfaca000 	C:\WINDOWS\SYSTEM32\VERSION.dll
0x00007ff8d4c70000 - 0x00007ff8d4c79000 	C:\WINDOWS\SYSTEM32\WSOCK32.dll
0x00007ff8e8ab0000 - 0x00007ff8e8b1f000 	C:\WINDOWS\System32\WS2_32.dll
0x00007ff8e2ed0000 - 0x00007ff8e2efd000 	C:\WINDOWS\SYSTEM32\WINMMBASE.dll
0x00007ff8e6550000 - 0x00007ff8e659a000 	C:\WINDOWS\System32\cfgmgr32.dll
0x000000006f050000 - 0x000000006f05f000 	D:\Phan mem\eclipse\eclipse2020\eclipse\jre\bin\verify.dll
0x000000006f020000 - 0x000000006f049000 	D:\Phan mem\eclipse\eclipse2020\eclipse\jre\bin\java.dll
0x000000006f000000 - 0x000000006f016000 	D:\Phan mem\eclipse\eclipse2020\eclipse\jre\bin\zip.dll
0x00007ff8e82d0000 - 0x00007ff8e89b5000 	C:\WINDOWS\System32\SHELL32.dll
0x00007ff8e7cd0000 - 0x00007ff8e7d79000 	C:\WINDOWS\System32\shcore.dll
0x00007ff8e6a80000 - 0x00007ff8e71ff000 	C:\WINDOWS\System32\windows.storage.dll
0x00007ff8e6510000 - 0x00007ff8e652f000 	C:\WINDOWS\System32\profapi.dll
0x00007ff8e64c0000 - 0x00007ff8e650a000 	C:\WINDOWS\System32\powrprof.dll
0x00007ff8e6490000 - 0x00007ff8e64a0000 	C:\WINDOWS\System32\UMPDC.dll
0x00007ff8e8a30000 - 0x00007ff8e8a82000 	C:\WINDOWS\System32\shlwapi.dll
0x00007ff8e64a0000 - 0x00007ff8e64b1000 	C:\WINDOWS\System32\kernel.appcore.dll
0x00007ff8e7400000 - 0x00007ff8e7417000 	C:\WINDOWS\System32\cryptsp.dll
0x000000006ef70000 - 0x000000006ef7d000 	D:\Phan mem\eclipse\eclipse2020\eclipse\jre\bin\management.dll
0x000000006efe0000 - 0x000000006effa000 	D:\Phan mem\eclipse\eclipse2020\eclipse\jre\bin\net.dll
0x00007ff8e5d00000 - 0x00007ff8e5d67000 	C:\WINDOWS\system32\mswsock.dll
0x000000006efc0000 - 0x000000006efd1000 	D:\Phan mem\eclipse\eclipse2020\eclipse\jre\bin\nio.dll
0x00007ff8c0b10000 - 0x00007ff8c0b26000 	C:\WINDOWS\system32\napinsp.dll
0x00007ff8bc860000 - 0x00007ff8bc87a000 	C:\WINDOWS\system32\pnrpnsp.dll
0x00007ff8e5aa0000 - 0x00007ff8e5b6a000 	C:\WINDOWS\SYSTEM32\DNSAPI.dll
0x00007ff8e7f70000 - 0x00007ff8e7f78000 	C:\WINDOWS\System32\NSI.dll
0x00007ff8e5a10000 - 0x00007ff8e5a4a000 	C:\WINDOWS\SYSTEM32\IPHLPAPI.DLL
0x00007ff8d67e0000 - 0x00007ff8d67ee000 	C:\WINDOWS\System32\winrnr.dll
0x00007ff8e30f0000 - 0x00007ff8e310c000 	C:\WINDOWS\system32\NLAapi.dll
0x00007ff8dfa70000 - 0x00007ff8dfa85000 	C:\WINDOWS\system32\wshbth.dll
0x00007ff8d9900000 - 0x00007ff8d990a000 	C:\Windows\System32\rasadhlp.dll
0x00007ff8da6e0000 - 0x00007ff8da757000 	C:\WINDOWS\System32\fwpuclnt.dll
0x00007ff8e6a50000 - 0x00007ff8e6a76000 	C:\WINDOWS\System32\bcrypt.dll
0x00007ff8e5870000 - 0x00007ff8e58a3000 	C:\WINDOWS\system32\rsaenh.dll
0x00007ff8e63b0000 - 0x00007ff8e63d5000 	C:\WINDOWS\SYSTEM32\USERENV.dll
0x00007ff8e5ed0000 - 0x00007ff8e5edc000 	C:\WINDOWS\SYSTEM32\CRYPTBASE.dll
0x00007ff8da7c0000 - 0x00007ff8da7d6000 	C:\WINDOWS\SYSTEM32\dhcpcsvc6.DLL
0x00007ff8daac0000 - 0x00007ff8daadc000 	C:\WINDOWS\SYSTEM32\dhcpcsvc.DLL

VM Arguments:
jvm_args: -Dcom.sun.management.jmxremote -Dcom.sun.management.jmxremote.port=61248 -Dcom.sun.management.jmxremote.authenticate=false -Dcom.sun.management.jmxremote.ssl=false -Djava.rmi.server.hostname=localhost -Dspring.jmx.enabled=true -Dspring.application.admin.enabled=true -Xverify:none -XX:TieredStopAtLevel=1 -Dspring.boot.project.name=DuAn -Dfile.encoding=UTF-8 
java_command: edu.poly.spring.DuAnApplication --spring.output.ansi.enabled=always
java_class_path (initial): D:\Project\eclipse-workspace\DuAn\target\classes;C:\Users\KimAnh\.m2\repository\org\springframework\boot\spring-boot-starter-data-jpa\2.2.6.RELEASE\spring-boot-starter-data-jpa-2.2.6.RELEASE.jar;C:\Users\KimAnh\.m2\repository\org\springframework\boot\spring-boot-starter-aop\2.2.6.RELEASE\spring-boot-starter-aop-2.2.6.RELEASE.jar;C:\Users\KimAnh\.m2\repository\org\springframework\spring-aop\5.2.5.RELEASE\spring-aop-5.2.5.RELEASE.jar;C:\Users\KimAnh\.m2\repository\org\aspectj\aspectjweaver\1.9.5\aspectjweaver-1.9.5.jar;C:\Users\KimAnh\.m2\repository\org\springframework\boot\spring-boot-starter-jdbc\2.2.6.RELEASE\spring-boot-starter-jdbc-2.2.6.RELEASE.jar;C:\Users\KimAnh\.m2\repository\com\zaxxer\HikariCP\3.4.2\HikariCP-3.4.2.jar;C:\Users\KimAnh\.m2\repository\org\springframework\spring-jdbc\5.2.5.RELEASE\spring-jdbc-5.2.5.RELEASE.jar;C:\Users\KimAnh\.m2\repository\jakarta\activation\jakarta.activation-api\1.2.2\jakarta.activation-api-1.2.2.jar;C:\Users\KimAnh\.m2\repository\jakarta\persistence\jakarta.persistence-api\2.2.3\jakarta.persistence-api-2.2.3.jar;C:\Users\KimAnh\.m2\repository\jakarta\transaction\jakarta.transaction-api\1.3.3\jakarta.transaction-api-1.3.3.jar;C:\Users\KimAnh\.m2\repository\org\hibernate\hibernate-core\5.4.12.Final\hibernate-core-5.4.12.Final.jar;C:\Users\KimAnh\.m2\repository\org\jboss\logging\jboss-logging\3.4.1.Final\jboss-logging-3.4.1.Final.jar;C:\Users\KimAnh\.m2\repository\org\javassist\javassist\3.24.0-GA\javassist-3.24.0-GA.jar;C:\Users\KimAnh\.m2\repository\net\bytebuddy\byte-buddy\1.10.8\byte-buddy-1.10.8.jar;C:\Users\KimAnh\.m2\repository\antlr\antlr\2.7.7\antlr-2.7.7.jar;C:\Users\KimAnh\.m2\repository\org\jboss\jandex\2.1.1.Final\jandex-2.1.1.Final.jar;C:\Users\KimAnh\.m2\repository\com\fasterxml\classmate\1.5.1\classmate-1.5.1.jar;C:\Users\KimAnh\.m2\repository\org\dom4j\dom4j\2.1.1\dom4j-2.1.1.jar;C:\Users\KimAnh\.m2\repository\org\hibernate\common\hibernate-commons-annotations\5.1.0.Final\hibernate
Launcher Type: SUN_STANDARD

Environment Variables:
JAVA_HOME=D:\Phan mem\Java\JDK8.11
JRE_HOME=D:\Phan mem\Java\JRE8.11
PATH=D:/Phan mem/eclipse/eclipse2020/eclipse/jre/bin/server;D:/Phan mem/eclipse/eclipse2020/eclipse/jre/bin;D:/Phan mem/eclipse/eclipse2020/eclipse/jre/lib/amd64;C:\WINDOWS\system32;C:\WINDOWS;C:\WINDOWS\System32\Wbem;C:\WINDOWS\System32\WindowsPowerShell\v1.0\;C:\WINDOWS\System32\OpenSSH\;C:\Program Files\dotnet\;C:\Program Files\Microsoft SQL Server\130\Tools\Binn\;C:\Program Files\Microsoft SQL Server\Client SDK\ODBC\170\Tools\Binn\;C:\Program Files (x86)\NVIDIA Corporation\PhysX\Common;C:\Program Files\MySQL\MySQL Shell 8.0\bin\;D:\Phan mem\Microsoft VS Code\bin;C:\Users\KimAnh\AppData\Local\Microsoft\WindowsApps;;D:\Phan mem\eclipse\eclipse2020\eclipse;
USERNAME=TuanKhai
OS=Windows_NT
PROCESSOR_IDENTIFIER=Intel64 Family 6 Model 78 Stepping 3, GenuineIntel



---------------  S Y S T E M  ---------------

OS: Windows 10.0 , 64 bit Build 18362 (10.0.18362.329)

CPU:total 4 (initial active 4) (2 cores per cpu, 2 threads per core) family 6 model 78 stepping 3, cmov, cx8, fxsr, mmx, sse, sse2, sse3, ssse3, sse4.1, sse4.2, popcnt, avx, avx2, aes, clmul, erms, 3dnowpref, lzcnt, ht, tsc, tscinvbit, bmi1, bmi2, adx

Memory: 4k page, physical 4055152k(326492k free), swap 6152304k(360k free)

vm_info: Java HotSpot(TM) 64-Bit Server VM (25.191-b12) for windows-amd64 JRE (1.8.0_191-b12), built on Oct  6 2018 09:29:03 by "java_re" with MS VC++ 10.0 (VS2010)

time: Tue Apr 14 04:02:49 2020
elapsed time: 1 seconds (0d 0h 0m 1s)

